<?xml version="1.0" encoding="UTF-8"?>
<testsuites name="Mocha Tests" time="9.632" tests="1" failures="0">
  <testsuite name="Root Suite" timestamp="2023-01-19T14:27:14" tests="0" file="cypress\e2e\mailMetrics\herokuappTest.cy.js" time="0.000" failures="0">
  </testsuite>
  <testsuite name="visual regresion" timestamp="2023-01-19T14:27:15" tests="1" time="9.330" failures="0">
    <testcase name="visual regresion visual regresion - test herokuApp" time="3.584" classname="visual regresion - test herokuApp">
    </testcase>
  </testsuite>
</testsuites>