<?xml version="1.0" encoding="UTF-8"?>
<testsuites name="Mocha Tests" time="15.449" tests="1" failures="0">
  <testsuite name="Root Suite" timestamp="2023-01-19T13:38:19" tests="0" file="cypress\e2e\mailMetrics\carbonTest.cy.js" time="0.000" failures="0">
  </testsuite>
  <testsuite name="Carbon footprint calculator" timestamp="2023-01-19T13:38:20" tests="1" time="15.199" failures="0">
    <testcase name="Carbon footprint calculator Carbon footprint calculator - test" time="10.932" classname="Carbon footprint calculator - test">
    </testcase>
  </testsuite>
</testsuites>